

 Usr/eventbin n.   28 has max   432.6     smaller than min   4325.    
 for axis:  Z  -> max and min swapped
1NUMBER OF BEAM       NUMBER OF BEAM        APPROXIMATE NUMBER    AVERAGE TIME USED     TIME LEFT (RESERVED   NUMBER OF STARS
 PARTICLES HANDLED    PARTICLES LEFT        OF BEAM PARTICLES     BY A BEAM PARTICLE     10000.0 SECONDS      CREATED
                                            THAT CAN STILL BE                           FOR PRINTOUT)
                                            HANDLED

 NEXT SEEDS:       0       0       0       0       0       0       5    3039       0       0
          1                 21526                 21526             3.2136703E-01         1.0000000E+30                 0       
 NEXT SEEDS:  39ABCE       0       0       0       0       0       5    3039       0       0
  Comptn_2: TXYZ:  0.99999999999886802       U,V,W -0.32414730844762119       0.87448856934872232       0.36082996619385099     
  Comptn_2: TXYZ:  0.99999999999824185       U,V,W  0.89838970335922363       -8.0275785665691046E-002 -0.43180057796640803     
  *** Kaon: P_min > 1.5 GeV/c:           15   7.9169272876751764     
  *** Kaon: P_min > 1.5 GeV/c:           15   8.5197150125117354     
  *** Kaon: P_min > 1.5 GeV/c:           24   2.1597339847602464     
  *** Kbar: P_min > 1.8 GeV/c:           25   2.1594982930630877     
  *** Kbar: P_min > 1.8 GeV/c:           25   2.9224530402763267     
  *** Kaon: P_min > 1.5 GeV/c:           24   2.4890059610173387     
  *** Kaon: P_min > 1.5 GeV/c:           24   2.4040272401017795     
  *** Kbar: P_min > 1.8 GeV/c:           25   3.3423372982387987     
  *** Kbar: P_min > 1.8 GeV/c:           25   3.0070579850268593     
  *** Kaon: P_min > 1.5 GeV/c:           15   6.9683608684240532     
  *** Kbar: P_min > 1.8 GeV/c:           16   4.8226319031581326     
  *** Kbar: P_min > 1.8 GeV/c:           16   4.8139911652934204     
  *** Kbar: P_min > 1.8 GeV/c:           16   4.5958837524537115     
  *** Kbar: P_min > 1.8 GeV/c:           25   3.7746161915772967     
  *** Kbar: P_min > 1.8 GeV/c:           25   3.0351751216293072     
  *** Kbar: P_min > 1.8 GeV/c:           25   3.5031823662789421     
  *** Kbar: P_min > 1.8 GeV/c:           25   4.2049738060957527     
  *** Kbar: P_min > 1.8 GeV/c:           25   3.5018835285993384     
  *** Kbar: P_min > 1.8 GeV/c:           25   3.8618125280815643     
  *** Kbar: P_min > 1.8 GeV/c:           25   3.6400400858303334     
  *** Hhflev: call to Hadriv !! ***  0.49073818398089603        3.5000000000000000        1.3641830696949457               13 T F T
  Comptn_2: TXYZ:   1.0000000000013494       U,V,W  0.88275524755260903       0.32590752682758062       0.33841905513255455     
  Comptn_2: TXYZ:   1.0000000000052289       U,V,W -0.11433340855739971       0.58876093903802484      -0.80018024741675475     
  Comptn_2: TXYZ:   1.0000000000027645       U,V,W  0.28055088846957155      -0.85587954473380279      -0.43446680412657201     
  Comptn_2: TXYZ:   1.0000000000013387       U,V,W  0.46410210067424629       0.74445836621904249       0.47999060523885717     
  Comptn_2: TXYZ:   1.0000000000061084       U,V,W  0.63669797052486388      -0.61324301158094130       0.46749192836108477     
        400                 21127                 21127             1.1286711E-01         1.0000000E+30              2060       
 NEXT SEEDS:1D2DE055       0       0       0       0       0       5    3039       0       0
  Comptn_2: TXYZ:   1.0000000000031006       U,V,W -0.58068447710188309       0.79209531317841098       0.18812377015360937     
  Comptn_2: TXYZ:   1.0000000000251583       U,V,W  0.23607589935966189       0.23130518068630579      -0.94380404913009386     
  Comptn_2: TXYZ:  0.99999999999887113       U,V,W -0.25838398266566998      -0.41692228847802248       0.87144335608859080     
        800                 20727                 20727             1.0360420E-01         1.0000000E+30              2323       
 NEXT SEEDS:35845998       0       0       0       0       0       5    3039       0       0
  Comptn_2: TXYZ:   1.0000000000132543       U,V,W -0.28971416673030603      -0.92154481324607218      -0.25849730905423485     
  Comptn_2: TXYZ:   1.0000000000021765       U,V,W   1.7368929156921453E-002  0.69375633147610927      -0.72000032836029249     
  Comptn_2: TXYZ:  0.99999999999813716       U,V,W -0.43678103992614226       0.26395157602429720      -0.85997202784361804     
  Comptn_2: TXYZ:   1.0000000000012306       U,V,W  0.75922832546748253      -0.17476379151982924      -0.62692102132779581     
  Comptn_2: TXYZ:  0.99999999999899813       U,V,W  0.23310671540897943       0.95132280509581246       0.20160897731715721     
  Comptn_2: TXYZ:  0.99999999999660560       U,V,W -0.82599860566317496       0.28188845163916199       0.48812416890743293     
  Comptn_2: TXYZ:  0.99999999999875588       U,V,W -0.54045795957026144       0.32098704277423451       0.77773550279446368     
  Comptn_2: TXYZ:  0.99999999999857203       U,V,W  0.37174178888118448       0.87058244823400344       0.32232629930689427     
       1200                 20327                 20327             9.6762276E-02         1.0000000E+30              2427       
 NEXT SEEDS: EF9A3AC       1       0       0       0       0       5    3039       0       0
  Comptn_2: TXYZ:  0.99999999999883460       U,V,W  0.55476558081573302       0.25049814763931977      -0.79340142952372261     
  *** Hhflev: call to Hadriv !! ***  0.67208990462974416        3.5000000000000000        1.4791716662393399               13 T F T
  Comptn_2: TXYZ:  0.99999999999890055       U,V,W  -4.7230179210794532E-002 -0.84787396565732465      -0.52809000040820564     
  Comptn_2: TXYZ:   1.0000000000050508       U,V,W  0.97745299433111299      -0.15280766538322155       0.14572392143475099     
  Comptn_2: TXYZ:   1.0000000000052018       U,V,W -0.13931055123430269      -0.93390324568946426       0.32926782109808528     
  Comptn_2: TXYZ:  0.99999999999886324       U,V,W -0.77727333238932772       0.23500468543338826       0.58362570589343221     
       1600                 19927                 19927             9.4028736E-02         1.0000000E+30              3880       
 NEXT SEEDS:24709F8B       1       0       0       0       0       5    3039       0       0
  Comptn_2: TXYZ:  0.99999999999898637       U,V,W -0.56830274970366190       0.81365624938536740       0.12245608402353980     
  Comptn_2: TXYZ:   1.0000000000020275       U,V,W   6.4343489487015404E-002  0.98999612321564134       0.12556907015926555     
       2000                 19527                 19527             9.3060582E-02         1.0000000E+30              5364       
 NEXT SEEDS:3B394F78       1       0       0       0       0       5    3039       0       0
  Comptn_2: TXYZ:   1.0000000000020519       U,V,W   8.3756754640745612E-002 -0.99404747702521412       -6.9673664134365598E-002
  Comptn_2: TXYZ:  0.99999999999648792       U,V,W -0.26908961302981993       0.95204077885290372       0.14563356603855482     
  Comptn_2: TXYZ:   1.0000000000011975       U,V,W  0.69022829023558074       0.50017186743898989       0.52288909950605955     
  Comptn_2: TXYZ:  0.99999999999893086       U,V,W  0.46525298404830551      -0.88292543513161093       -6.3105759093236458E-002
  Comptn_2: TXYZ:   1.0000000000011933       U,V,W -0.26309378523128402      -0.45473703293138357      -0.85087948092231613     
  Comptn_2: TXYZ:  0.99999999999864952       U,V,W   1.8738740523353670E-002 -0.29125708659478278       0.95646127423464833     
  Comptn_2: TXYZ:   1.0000000000039333       U,V,W -0.32586800096200363       0.69929703320600822       0.63623400200102154     
       2400                 19127                 19127             9.4492464E-02         1.0000000E+30              5469       
 NEXT SEEDS:19B92127       2       0       0       0       0       5    3039       0       0
  Comptn_2: TXYZ:   1.0000000000025155       U,V,W -0.18043659793318412       0.93694105981679598      -0.29930600488161474     
  Comptn_2: TXYZ:   1.0000000000081175       U,V,W -0.60549612100320693       -5.4231404602859357E-002  0.79399836411228719     
  Comptn_2: TXYZ:   1.0000000000094438       U,V,W  -4.0118283903396446E-002 -0.75422683236949695      -0.65538722038193953     
  Comptn_2: TXYZ:  0.99999999999890343       U,V,W  0.86796785594927073       0.37024317053325717       0.33098609594847161     
       2800                 18727                 18727             9.6071186E-02         1.0000000E+30              6827       
 NEXT SEEDS:33DE3F75       2       0       0       0       0       5    3039       0       0
  Comptn_2: TXYZ:   1.0000000000010605       U,V,W -0.42667067623336408      -0.90256531274430429       -5.7688736113739481E-002
  Comptn_2: TXYZ:  0.99999999999806788       U,V,W -0.86272489318078271      -0.15629560243059970      -0.48091313492680854     
  Comptn_2: TXYZ:   1.0000000000040177       U,V,W  0.56032096607461312       0.46723154805218314      -0.68391161379668830     
  Comptn_2: TXYZ:  0.99999999999776978       U,V,W -0.40010483226437543      -0.88674678624719405      -0.23150866134280790     
  Comptn_2: TXYZ:   1.0000000000017653       U,V,W -0.28303958719074274      -0.82797144231747843       0.48409904233676571     
       3200                 18327                 18327             9.2185199E-02         1.0000000E+30              7047       
 NEXT SEEDS: 8635379       3       0       0       0       0       5    3039       0       0
  Comptn_2: TXYZ:   1.0000000000022862       U,V,W   4.6378760803506225E-002  0.96704003893595802      -0.25036488101041243     
  Comptn_2: TXYZ:   1.0000000000025773       U,V,W -0.90603959384344535       0.41466344781461117       -8.4536852538292351E-002
  Comptn_2: TXYZ:  0.99999999999727429       U,V,W -0.16033792385091772      -0.77337952852760594      -0.61333176587135085     
  Comptn_2: TXYZ:   1.0000000000023914       U,V,W  0.46271723855164026       -6.6859029481157961E-002  0.88398112385184646     
       3600                 17927                 17927             9.2870210E-02         1.0000000E+30              7130       
 NEXT SEEDS:21CC67A0       3       0       0       0       0       5    3039       0       0
  Comptn_2: TXYZ:   1.0000000002161302       U,V,W -0.68253525306300489       -5.6953486936095032E-002 -0.72863017290541165     
  Comptn_2: TXYZ:   1.0000000000011617       U,V,W -0.52697327105136083        4.6024792752078270E-002 -0.84863472121444516     
  Comptn_2: TXYZ:  0.99999999999885270       U,V,W -0.76864405347078701       0.26633859847161157      -0.58159270114662576     
  Comptn_2: TXYZ:   1.0000000000012539       U,V,W -0.81525203227874599      -0.55770310727098860       0.15598515316180794     
       4000                 17527                 17527             9.0785017E-02         1.0000000E+30              7286       
 NEXT SEEDS:344B0F13       3       0       0       0       0       5    3039       0       0
  Comptn_2: TXYZ:  0.99999999999779965       U,V,W  0.84302354211254027       0.23389580191243908       0.48435943398427028     
  Comptn_2: TXYZ:   1.0000000000029958       U,V,W  0.32531635948564031       0.90752950908522578      -0.26563030021730327     
  Comptn_2: TXYZ:   1.0000000000020408       U,V,W  0.92827278946455705       -4.0021214555721940E-002 -0.36974035582718834     
  Comptn_2: TXYZ:   1.0000000000031490       U,V,W  0.35296071379809746      -0.92947185568985091      -0.10724180154562646     
  Comptn_2: TXYZ:   1.0000000000011360       U,V,W  0.67342500312317100       0.21388895458288459      -0.70763711058503276     
       4400                 17127                 17127             9.0391990E-02         1.0000000E+30              7891       
 NEXT SEEDS: E9CB215       4       0       0       0       0       5    3039       0       0
  Comptn_2: TXYZ:  0.99999999999187072       U,V,W  0.57429832387059321       0.73270270211267086      -0.36514132265205035     
  Comptn_2: TXYZ:  0.99999999999836497       U,V,W -0.74230052641888733      -0.66587673097502176       -7.4820502688943691E-002
  Comptn_2: TXYZ:  0.99999999999758127       U,V,W -0.65681728611612300       0.72803171179879200      -0.19636924217390295     
  Comptn_2: TXYZ:   1.0000000000100877       U,V,W -0.87696228228816153      -0.45446568101776563       0.15619891238765149     
       4800                 16727                 16727             9.1126803E-02         1.0000000E+30              8866       
 NEXT SEEDS:2751D956       4       0       0       0       0       5    3039       0       0
  Comptn_2: TXYZ:  0.99999999999878098       U,V,W  0.10175789205515429      -0.96144269969052942      -0.25548633351915129     
  Comptn_2: TXYZ:   1.0000000000060512       U,V,W  0.94056972149647855       0.18378237699435829      -0.28557422313015479     
       5200                 16327                 16327             8.9906955E-02         1.0000000E+30              9067       
 NEXT SEEDS:3A75AB20       4       0       0       0       0       5    3039       0       0
  Comptn_2: TXYZ:  0.99999999999872613       U,V,W  0.62805952920894725      -0.39054942478554899      -0.67306193962237870     
  Comptn_2: TXYZ:  0.99999999999857725       U,V,W -0.39992900516246976       0.85771828641296644       0.32307295148486048     
  Comptn_2: TXYZ:  0.99999999999869615       U,V,W -0.65670092342507180      -0.19932805722453395       0.72733226435683918     
  Comptn_2: TXYZ:  0.99999999999897760       U,V,W   2.7232760712436743E-004 -0.80732461189303351      -0.59010752992011106     
  Comptn_2: TXYZ:   1.0000000000010631       U,V,W  0.78025765797201529       0.58520105243950127      -0.22076620076630604     
  Comptn_2: TXYZ:  0.99999999999891132       U,V,W  0.79907963737296761        8.7242421602852005E-002 -0.59486174276689541     
       5600                 15927                 15927             8.9884016E-02         1.0000000E+30              9460       
 NEXT SEEDS:15B34E88       5       0       0       0       0       5    3039       0       0
  Comptn_2: TXYZ:  0.99999999999819256       U,V,W -0.31816401179705167       0.72038551119978222       0.61629244425745355     
  Comptn_2: TXYZ:  0.99999999998661182       U,V,W  0.53760282043057783       -2.7446463580588443E-002  0.84275138628697555     
  Comptn_2: TXYZ:   1.0000000000021356       U,V,W -0.33804658748883298       0.90268192205107312       0.26625148317233993     
       6000                 15527                 15527             8.9604440E-02         1.0000000E+30              9567       
 NEXT SEEDS:2B8334FD       5       0       0       0       0       5    3039       0       0
  Comptn_2: TXYZ:   1.0000000000011764       U,V,W  0.24437781424945371      -0.81399029602308559      -0.52697180368980412     
  Comptn_2: TXYZ:  0.99999999999899858       U,V,W  0.40182769188593426       0.80089202274081916       0.44396674869041775     
  Comptn_2: TXYZ:   1.0000000000057145       U,V,W  0.64945299683878233      -0.22287208870319830      -0.72700676542925846     
  Comptn_2: TXYZ:   1.0000000000010345       U,V,W   1.3664249388085636E-002  0.86133143615975039       0.50785967094530804     
  Comptn_2: TXYZ:   1.0000000000010518       U,V,W -0.29179588558285730       0.33141428417035623      -0.89722891917604741     
  Comptn_2: TXYZ:   1.0000000000013904       U,V,W -0.12247739618163678       0.45712394843228843      -0.88092961307679474     
       6400                 15127                 15127             9.0348433E-02         1.0000000E+30              9698       
 NEXT SEEDS: A98DAA8       6       0       0       0       0       5    3039       0       0
  Comptn_2: TXYZ:   1.0000000000014051       U,V,W  -9.7196591890309492E-003 -0.74668647789145715       0.66510512850278392     
  Comptn_2: TXYZ:  0.99999999998848044       U,V,W  0.59651720427783061      -0.80255103557951202        8.8915847459389852E-003
  Comptn_2: TXYZ:   1.0000000000023626       U,V,W -0.95650164032066698        6.9047113720870357E-003  0.29164522459163322     
  Comptn_2: TXYZ:   1.0000000000017111       U,V,W -0.55907750240197629      -0.25660689400776704      -0.78840677841921547     
  Comptn_2: TXYZ:  0.99999999999874922       U,V,W  0.39289016378609176       0.73628426074179032      -0.55092903951670813     
       6800                 14727                 14727             8.8971404E-02         1.0000000E+30              9801       
 NEXT SEEDS:1B8B591D       6       0       0       0       0       5    3039       0       0
  Comptn_2: TXYZ:  0.99999999996639621       U,V,W  0.44304520828727334      -0.18247452057181590      -0.87773230128676971     
  Comptn_2: TXYZ:  0.99999999999820022       U,V,W -0.37843777366193798      -0.91521958774321988      -0.13841227429360003     
  Comptn_2: TXYZ:   1.0000000000011675       U,V,W  0.51498178707194597       0.75693015520187501      -0.40230647413559950     
  Comptn_2: TXYZ:   1.0000000000017919       U,V,W -0.99121018692843066       -6.5308183524052765E-002  0.11505305948077194     
  Comptn_2: TXYZ:   1.0000000000010310       U,V,W  0.20553063051711540      -0.97644371633920013       -6.5687356028078625E-002
  Comptn_2: TXYZ:  0.99999999999890665       U,V,W -0.14398850946611219       0.89138897390099103      -0.42975924230709950     
  Comptn_2: TXYZ:   1.0000000000014946       U,V,W -0.59699478087278379       -7.1374347531726556E-002  0.79906378601872063     
       7200                 14327                 14327             8.8231251E-02         1.0000000E+30             10286       
 NEXT SEEDS:2EE4D449       6       0       0       0       0       5    3039       0       0
  Comptn_2: TXYZ:   1.0000000000010383       U,V,W  0.46265079787768748      -0.23952152933397031       0.85357113131226114     
  Comptn_2: TXYZ:  0.99999999999824452       U,V,W  0.76311184188506331       0.36858124105795298      -0.53085608738452805     
  Comptn_2: TXYZ:  0.99999999999882561       U,V,W  0.33997059900658400      -0.82962829750224643      -0.44287343541180491     
  Comptn_2: TXYZ:  0.99999999999086475       U,V,W -0.84578107619944376      -0.26385924312464226       0.46371615342951600     
       7600                 13927                 13927             8.8092466E-02         1.0000000E+30             10482       
 NEXT SEEDS: 96787A7       7       0       0       0       0       5    3039       0       0
  Comptn_2: TXYZ:   1.0000000000056242       U,V,W  0.30075231511079892      -0.38512704219323979      -0.87248220975135382     
  Comptn_2: TXYZ:  0.99999999999879707       U,V,W -0.13665184301764555      -0.94161450128561619       0.30771481077016460     
  Comptn_2: TXYZ:   1.0000000000057003       U,V,W  0.86550551432462441       -3.3646870916598459E-002 -0.49976803895096111     
  Comptn_2: TXYZ:   1.0000000000014848       U,V,W -0.30616518328714015       0.25013413386888317       0.91852914794137064     
  Comptn_2: TXYZ:   1.0000000000028590       U,V,W  0.75874758016907151      -0.28905322610108897       0.58373824790824713     
  Comptn_2: TXYZ:   1.0000000000023936       U,V,W -0.73385763815907268       0.34027308860469674       0.58793468352309475     
  Comptn_2: TXYZ:   1.0000000000013627       U,V,W  0.29082852655320934      -0.56977604551824612      -0.76861825771825210     
       8000                 13527                 13527             8.8235236E-02         1.0000000E+30             11171       
 NEXT SEEDS:206C22A5       7       0       0       0       0       5    3039       0       0
  Comptn_2: TXYZ:  0.99999999999842959       U,V,W -0.53610646564952447      -0.83932997586195057        9.0083567351555871E-002
  Comptn_2: TXYZ:   1.0000000000065263       U,V,W  0.24133670458869005      -0.28511842117801223       0.92761203147099991     
  Comptn_2: TXYZ:  0.99999999998989419       U,V,W -0.98641550319854332       0.13137166619350182       -9.8620182320871663E-002
  Comptn_2: TXYZ:   1.0000000000025568       U,V,W  0.29298035108757858       0.90447168173318815      -0.30998950114785262     
  Comptn_2: TXYZ:   1.0000000000057578       U,V,W  0.94706902684295358       0.25499190549118111      -0.19503688506145522     
  Comptn_2: TXYZ:   1.0000000000012064       U,V,W  0.44077143664884488      -0.87855222993162130      -0.18402858451310067     
       8400                 13127                 13127             9.0173208E-02         1.0000000E+30             11608       
 NEXT SEEDS: 6AD6958       8       0       0       0       0       5    3039       0       0
  Comptn_2: TXYZ:   1.0000000000010523       U,V,W -0.61507304468813828        8.6520489218375296E-002 -0.78370871798425767     
       8800                 12727                 12727             8.9871201E-02         1.0000000E+30             12068       
 NEXT SEEDS:1BECE447       8       0       0       0       0       5    3039       0       0
  Comptn_2: TXYZ:   1.0000000000021980       U,V,W   3.1255485722326171E-002 -0.93988527291631974       0.34005700752884760     
  Comptn_2: TXYZ:  0.99999999999816458       U,V,W -0.23397138325334055       0.77954617402368598      -0.58100357518841150     
       9200                 12327                 12327             8.9866611E-02         1.0000000E+30             12286       
 NEXT SEEDS:3270C1B6       8       0       0       0       0       5    3039       0       0
  Comptn_2: TXYZ:   1.0000000000021567       U,V,W  0.75867134124139390       0.21087538571889297      -0.61640033069349442     
  Comptn_2: TXYZ:  0.99999999999791900       U,V,W -0.75107615159159025       0.65596986605651608       -7.4753925208526084E-002
  Comptn_2: TXYZ:  0.99999999999782385       U,V,W  0.34722623944397313      -0.93776095123691583       -6.1916859299486759E-003
  Comptn_2: TXYZ:  0.99999999995935474       U,V,W -0.12220738026863387      -0.65922323869060051      -0.74195018548249436     
  Comptn_2: TXYZ:   1.0000000000035392       U,V,W -0.43581772027171439       0.88489223728429778       0.16440390230981450     
  Comptn_2: TXYZ:   1.0000000000016080       U,V,W  0.42641083812506508       0.79869570272030987      -0.42456915995771283     
       9600                 11927                 11927             8.9691282E-02         1.0000000E+30             12477       
 NEXT SEEDS: CC2FCDB       9       0       0       0       0       5    3039       0       0
      10000                 11527                 11527             8.8463036E-02         1.0000000E+30             12683       
 NEXT SEEDS:1BCAACEF       9       0       0       0       0       5    3039       0       0
  Comptn_2: TXYZ:   1.0000000000042957       U,V,W  0.22747920904080843       0.91017798080575574       0.34616362130475409     
  Comptn_2: TXYZ:   1.0000000000017726       U,V,W  0.11960520230057625      -0.96686590360663027      -0.22553252543113445     
  Comptn_2: TXYZ:   1.0000000000012212       U,V,W -0.37639089052155583       0.56412667349952428      -0.73490883365215609     
  Comptn_2: TXYZ:   1.0000000000013045       U,V,W  0.99608769199381175        8.5426944115845060E-003  -8.7956422346159968E-002
  Comptn_2: TXYZ:   1.0000000000034972       U,V,W  0.86341388066628610       0.21560048753821093      -0.45610623811735707     
      10400                 11127                 11127             8.9808014E-02         1.0000000E+30             13052       
 NEXT SEEDS:3AF91A35       9       0       0       0       0       5    3039       0       0
  Comptn_2: TXYZ:  0.99999999999678812       U,V,W   3.0139277295845091E-002  0.92104107561699777       0.38829751607131868     
  Comptn_2: TXYZ:   1.0000000000011799       U,V,W  0.91463247593526908       -3.3834217996357552E-002  0.40286806731022295     
  Comptn_2: TXYZ:  0.99999999999889799       U,V,W -0.11260721736879731       0.96370055810687039      -0.24207612211835539     
  Comptn_2: TXYZ:   1.0000000000077542       U,V,W  0.83119651100612657      -0.26160300932917124      -0.49058763295553831     
  Comptn_2: TXYZ:  0.99999999999661504       U,V,W  0.23926882199642208      -0.64723644969957661      -0.72376474699818516     
      10800                 10727                 10727             9.0135605E-02         1.0000000E+30             13688       
 NEXT SEEDS:186348CE       A       0       0       0       0       5    3039       0       0
  Comptn_2: TXYZ:   1.0000000000019067       U,V,W -0.68161452076813589      -0.72516397100565655        9.7667088802925406E-002
  Comptn_2: TXYZ:  0.99999999999211475       U,V,W -0.66545223119136665      -0.73679800228711656       0.11959110259655947     
  Comptn_2: TXYZ:  0.99999999981420140       U,V,W -0.13484905366158273       0.88366567960378006      -0.44827524940728836     
  Comptn_2: TXYZ:   1.0000000000016807       U,V,W  0.37099001591525393      -0.92678978375678511        5.8541479456295065E-002
  Comptn_2: TXYZ:   1.0000000000108382       U,V,W  0.22782157744603637       0.97048249437807144        7.9126840999464321E-002
  Comptn_2: TXYZ:  0.99999999999257405       U,V,W   1.3839293783632911E-003 -0.99366597547802016      -0.11236553701809271     
  *** Hhflev: call to Hadriv !! ***  0.80821373326907064        3.5000000000000000        1.5631640838032907               13 T F T
      11200                 10327                 10327             9.0859669E-02         1.0000000E+30             15196       
 NEXT SEEDS:34A4316C       A       0       0       0       0       5    3039       0       0
  Comptn_2: TXYZ:  0.99999999999725775       U,V,W -0.19972945993336744      -0.55321852727851706       0.80873815534310722     
  Comptn_2: TXYZ:  0.99999999999819222       U,V,W  0.27923339656825874      -0.19650753617631267       0.93990079182063724     
  Comptn_2: TXYZ:   1.0000000000024409       U,V,W -0.99785755884750493        5.4399562992728079E-002   3.6345285795263749E-002
  Comptn_2: TXYZ:   1.0000000000012104       U,V,W  0.69964582016729793       0.62177976321121164       0.35197393708149605     
  Comptn_2: TXYZ:  0.99999999999896860       U,V,W -0.68681142755463753      -0.71846085440036234      -0.11001846969318763     
      11600                  9927                  9927             9.2204663E-02         1.0000000E+30             16624       
 NEXT SEEDS:1959E9F5       B       0       0       0       0       5    3039       0       0
  Comptn_2: TXYZ:  0.99999999999805689       U,V,W -0.45542174756992893       0.56892000320923231      -0.68477811135200284     
  Comptn_2: TXYZ:   1.0000000000087801       U,V,W  0.84291983290748185        7.4675666952543907E-002  0.53283177463923437     
  Comptn_2: TXYZ:   1.0000000000022657       U,V,W  0.79349622889773741       0.38744476565000951      -0.46930830836215165     
      12000                  9527                  9527             9.2248850E-02         1.0000000E+30             16841       
 NEXT SEEDS:3145E8DB       B       0       0       0       0       5    3039       0       0
  Comptn_2: TXYZ:  0.99999999999785960       U,V,W -0.18553288960379888       0.77114236499591726       0.60902955575376438     
  Comptn_2: TXYZ:   1.0000000000017799       U,V,W -0.28507058397242702       0.37662042881477475       0.88141466674589353     
      12400                  9127                  9127             9.2659409E-02         1.0000000E+30             17445       
 NEXT SEEDS:103CC1C5       C       0       0       0       0       5    3039       0       0
  Comptn_2: TXYZ:  0.99999999999821232       U,V,W -0.13111870020870242       0.59310888335816259       0.79437380302690386     
  Comptn_2: TXYZ:  0.99999999999858269       U,V,W -0.82722139948474194       0.52456886856855078       0.20132624856634607     
  Comptn_2: TXYZ:  0.99999999999584954       U,V,W  0.75289524965916677       0.18182065857041607      -0.63252667228626080     
      12800                  8727                  8727             9.2734622E-02         1.0000000E+30             17952       
 NEXT SEEDS:28C1407D       C       0       0       0       0       5    3039       0       0
  Comptn_2: TXYZ:  0.99999999994813049       U,V,W  0.20948488475067961       0.64731028888394160       0.73287480029955532     
  Comptn_2: TXYZ:   1.0000000000017322       U,V,W -0.36638035502680921       0.78870839682583949       0.49366435989301038     
      13200                  8327                  8327             9.2819380E-02         1.0000000E+30             19983       
 NEXT SEEDS: 4950264       D       0       0       0       0       5    3039       0       0
  *** Hhflev: call to Hadriv !! ***  0.51903900855750917        3.5000000000000000        1.3828422119623562               13 T F T
  Comptn_2: TXYZ:  0.99999999999575007       U,V,W  0.19052265464311802       0.96894734297571006       0.15761397337736582     
  Comptn_2: TXYZ:   1.0000000000019547       U,V,W -0.25047882167247337       0.58455349538431278       0.77172376594835157     
      13600                  7927                  7927             9.4574737E-02         1.0000000E+30             21320       
 NEXT SEEDS:26C62A7F       D       0       0       0       0       5    3039       0       0
  Comptn_2: TXYZ:  0.99999999999821587       U,V,W -0.32090665582060751      -0.59482845906398851      -0.73701968938136986     
  Comptn_2: TXYZ:   1.0000000000011033       U,V,W -0.75073984796764393       0.42914470500470436       0.50221957632199832     
  Comptn_2: TXYZ:   1.0000000000028526       U,V,W -0.90857202022726824       0.16532726687077215       0.38361931506642577     
      14000                  7527                  7527             9.4801016E-02         1.0000000E+30             21563       
 NEXT SEEDS: 24EF396       E       0       0       0       0       5    3039       0       0
  Comptn_2: TXYZ:  0.99999999999892086       U,V,W -0.34078853653868890      -0.65500321277124840       0.67441379332134233     
  Comptn_2: TXYZ:  0.99999999999868883       U,V,W  0.15985045109152907      -0.76246777629800744       0.62696947564590033     
  Comptn_2: TXYZ:   1.0000000000013090       U,V,W  0.50274961008327779       0.85727197852642334       0.11102965547912191     
  Comptn_2: TXYZ:  0.99999999999857292       U,V,W  0.74327002805621589        3.2291223600118713E-002  0.66821174957515694     
  Comptn_2: TXYZ:   1.0000000000046099       U,V,W  0.54505961377529388       0.75950872086938759       0.35504439209637439     
  Comptn_2: TXYZ:   1.0000000000011307       U,V,W  -5.9933164748358081E-002 -0.38887211115227399      -0.91934025090406557     
  Comptn_2: TXYZ:  0.99999999999878852       U,V,W  0.33107530563466625      -0.72043153969402596       0.60939932606772373     
      14400                  7127                  7127             9.5206646E-02         1.0000000E+30             21842       
 NEXT SEEDS:1CDBE705       E       0       0       0       0       5    3039       0       0
  Comptn_2: TXYZ:   1.0000000000010560       U,V,W  0.45454057680390303      -0.10791295315353011       0.88416494987163752     
  Comptn_2: TXYZ:   1.0000000000022657       U,V,W -0.16510458079622481      -0.13412920822555208      -0.97711300927945643     
  Comptn_2: TXYZ:   1.0000000000512219       U,V,W  0.42043416421603297      -0.78901170108171925      -0.44799067977729123     
  Comptn_2: TXYZ:   1.0000000000207581       U,V,W  0.96746155862152250      -0.13934783699022546       0.21118786171680881     
  Comptn_2: TXYZ:   1.0000000000015632       U,V,W  0.35683584410338298      -0.79262459327101453      -0.49438288249751139     
      14800                  6727                  6727             9.5065885E-02         1.0000000E+30             21936       
 NEXT SEEDS:30EA8A2F       E       0       0       0       0       5    3039       0       0
      15200                  6327                  6327             9.4814870E-02         1.0000000E+30             21992       
 NEXT SEEDS: 97607F3       F       0       0       0       0       5    3039       0       0
  Comptn_2: TXYZ:  0.99999999999836708       U,V,W -0.85994668706493016       0.47526300620551432      -0.18605582586125990     
  Comptn_2: TXYZ:  0.99999999999888056       U,V,W -0.20491713520964794      -0.94340485472634761      -0.26076090154605325     
      15600                  5927                  5927             9.4655910E-02         1.0000000E+30             22167       
 NEXT SEEDS:1D37B584       F       0       0       0       0       5    3039       0       0
  *** Hhflev: call to Hadriv !! ***  0.59497429606699392        3.5000000000000000        1.4320083354762594               13 T F T
  Comptn_2: TXYZ:   1.0000000000011284       U,V,W -0.19846914322182307       0.18877801546269524       0.96175509360121936     
      16000                  5527                  5527             9.4668846E-02         1.0000000E+30             22782       
 NEXT SEEDS:33CC87BE       F       0       0       0       0       5    3039       0       0
  Comptn_2: TXYZ:   1.0000000000020104       U,V,W  0.56886174772355247      -0.41234097380178980       0.71159766251942358     
  Comptn_2: TXYZ:  0.99999999999801104       U,V,W -0.94818853960061489       0.31134822287756947       -6.3251699416248641E-002
  Comptn_2: TXYZ:  0.99999999999087219       U,V,W  0.26603741953894655      -0.80936839389436699       0.52359038795682977     
  Comptn_2: TXYZ:   1.0000000000441489       U,V,W -0.11241514870343394       0.93271611327637771      -0.34264192157519346     
  Comptn_2: TXYZ:   1.0000000000050144       U,V,W -0.58208698531264247       0.81283971201092697        2.1595002029343391E-002
      16400                  5127                  5127             9.4616609E-02         1.0000000E+30             23517       
 NEXT SEEDS: D094415      10       0       0       0       0       5    3039       0       0
  Comptn_2: TXYZ:   1.0000000000037168       U,V,W  0.10728044208367749       0.98468377597467338      -0.13743641468805379     
  Comptn_2: TXYZ:  0.99999999999321532       U,V,W  0.73080796921080093       0.56986361089350623       0.37573285338204698     
  Comptn_2: TXYZ:   1.0000000000170888       U,V,W -0.48401539812410022       0.85118355242993005       0.20301638965517554     
  Comptn_2: TXYZ:  0.99999999999883071       U,V,W  0.92904920362464338      -0.21636952658174025       0.30008632959540193     
      16800                  4727                  4727             9.4467809E-02         1.0000000E+30             24483       
 NEXT SEEDS:21BD57EB      10       0       0       0       0       5    3039       0       0
  Comptn_2: TXYZ:   1.0000000000022871       U,V,W -0.67251725386196881       0.40535621033815517       0.61919858365514102     
  Comptn_2: TXYZ:  0.99999999999893396       U,V,W  0.32609812590611309        4.6160385811418791E-002 -0.94420825619203086     
  Comptn_2: TXYZ:   1.0000000000121689       U,V,W -0.26301427597016414       0.91233698477974201       0.31379088076467099     
  *** Hhflev: call to Hadriv !! ***  0.51838660067305020        3.5000000000000000        1.3824140948653267               14 T F T
  Comptn_2: TXYZ:   1.0000000000015818       U,V,W -0.31480860894038187      -0.62170154476191797       0.71720480267441644     
      17200                  4327                  4327             9.4950242E-02         1.0000000E+30             24791       
 NEXT SEEDS:  3F513F      11       0       0       0       0       5    3039       0       0
  Comptn_2: TXYZ:  0.99999999999645006       U,V,W -0.85607708712089092      -0.27226833201041245      -0.43931990199321547     
  Comptn_2: TXYZ:   1.0000000000010898       U,V,W  0.53230793164960311      -0.41910241404748660      -0.73552799568988547     
  Comptn_2: TXYZ:   1.0000000000010481       U,V,W   5.5380024349787504E-002  -7.4904732690946219E-002 -0.99565171316307333     
  Comptn_2: TXYZ:  0.99999999999898170       U,V,W  0.44359955810801210      -0.71871736704544276       0.53541085005127087     
  Comptn_2: TXYZ:   1.0000000000053042       U,V,W -0.87123760934748518       0.48916518595929404       -4.0773139555255966E-002
      17600                  3927                  3927             9.5141913E-02         1.0000000E+30             25327       
 NEXT SEEDS:18547E8F      11       0       0       0       0       5    3039       0       0
  Comptn_2: TXYZ:  0.99999999999242117       U,V,W  -6.9032766065255657E-003  0.39054339071591926      -0.92055863731357590     
  Comptn_2: TXYZ:  0.99999999998616040       U,V,W  0.73274191986237724       -9.9481337621512012E-003 -0.68043391559886857     
  Comptn_2: TXYZ:   1.0000000000029350       U,V,W  -2.0158323441933135E-002  0.99659799212914590        7.9912978189405237E-002
      18000                  3527                  3527             9.5012268E-02         1.0000000E+30             25456       
 NEXT SEEDS:2D5D7A4E      11       0       0       0       0       5    3039       0       0
  Comptn_2: TXYZ:  0.99999999999700895       U,V,W   4.3625368379856866E-002  0.41134715055471816       0.91043415410519657     
  Comptn_2: TXYZ:  0.99999999999839884       U,V,W  0.14105109795259871       0.74294815145875504      -0.65431844847045539     
  Comptn_2: TXYZ:   1.0000000000025300       U,V,W  0.97228636710720195      -0.19143278824842014       0.13421142992847024     
  Comptn_2: TXYZ:  0.99999999999478761       U,V,W -0.46510359900945275      -0.87344115584122051       0.14414988541790308     
  Comptn_2: TXYZ:   1.0000000000014329       U,V,W  0.29669774313711628      -0.71895212394053365       0.62855253774061737     
      18400                  3127                  3127             9.5512834E-02         1.0000000E+30             25731       
 NEXT SEEDS: C44CE9D      12       0       0       0       0       5    3039       0       0
  Comptn_2: TXYZ:   1.0000000000012870       U,V,W  -5.4637736568480477E-002 -0.91552436600983089       0.39853463210398354     
  Comptn_2: TXYZ:   1.0000000000073381       U,V,W  0.62422420325108874      -0.77371534543869069       0.10820678497935887     
      18800                  2727                  2727             9.5914280E-02         1.0000000E+30             25984       
 NEXT SEEDS:253552CA      12       0       0       0       0       5    3039       0       0
  Comptn_2: TXYZ:   1.0000000000010647       U,V,W  0.92277524486283724       0.15367453949482979      -0.35336947148904585     
  Comptn_2: TXYZ:  0.99999999999880718       U,V,W  0.81899872725128731       0.57026708083378708        6.3533780596543465E-002
  Comptn_2: TXYZ:   1.0000000000171707       U,V,W -0.84155628172374008       -9.3296094330625579E-002  0.53205156093289929     
  Comptn_2: TXYZ:  0.99999999999759470       U,V,W   2.5080420169373951E-002  0.99371462564188351      -0.10909727451744011     
  Comptn_2: TXYZ:  0.99999999999459765       U,V,W  0.55400892249799938       0.13567289932507265       0.82138114062591683     
      19200                  2327                  2327             9.5570825E-02         1.0000000E+30             26084       
 NEXT SEEDS:37BE9764      12       0       0       0       0       5    3039       0       0
  Comptn_2: TXYZ:   1.0000000000014819       U,V,W -0.14066688104902880       -7.0460276717909665E-004  0.99005673176457965     
  Comptn_2: TXYZ:  0.99999999999765499       U,V,W -0.11214340060789141      -0.72903253956009806      -0.67522989711675763     
  Comptn_2: TXYZ:   1.0000000000052545       U,V,W  0.56090871907122164       0.77732407733174114       0.28486608726819895     
      19600                  1927                  1927             9.5941454E-02         1.0000000E+30             26142       
 NEXT SEEDS:16638EF0      13       0       0       0       0       5    3039       0       0
  Comptn_2: TXYZ:  0.99999999996646138       U,V,W  0.17343166346722683       0.71548491589115315      -0.67675903629407230     
  Comptn_2: TXYZ:   1.0000000000024727       U,V,W -0.57976435780232549       0.10128331794220458       0.80846458112347008     
  Comptn_2: TXYZ:  0.99999999998253697       U,V,W -0.99233337240869712       -5.2804066723638243E-002 -0.11174170449731236     
  Comptn_2: TXYZ:   1.0000000000030793       U,V,W -0.34092810911725024       0.74823419421471726       0.56913409230573109     
  *** Umfnst:amsq,np0,np,kpart  -1.4818588349041635E-017           0           1           7
  *** Hhflev: call to Hadriv !! ***  0.39824024065802061        3.5000000000000000        1.3006600720705883               14 T F T
      20000                  1527                  1527             9.5449572E-02         1.0000000E+30             26550       
 NEXT SEEDS:271528DE      13       0       0       0       0       5    3039       0       0
  Comptn_2: TXYZ:   1.0000000000032403       U,V,W  0.84867060452342002      -0.52373484868695641       -7.3891902749515737E-002
  Comptn_2: TXYZ:   1.0000000000046132       U,V,W  0.15041907244560093       0.29579020219173913       0.94333570850285753     
  Comptn_2: TXYZ:   1.0000000000022990       U,V,W  0.54739970588722997      -0.71775905733063183       0.43032022682731963     
  Comptn_2: TXYZ:   1.0000000000012328       U,V,W   2.4695213830838725E-003 -0.16801342260621155       0.98578161440022705     
  Comptn_2: TXYZ:  0.99999999998438505       U,V,W  0.32776597565472798      -0.68112147562112568       0.65470833249256088     
  Comptn_2: TXYZ:   1.0000000000028897       U,V,W  -9.3841660802765681E-002 -0.35242564956219269       0.93112292648786976     
  Comptn_2: TXYZ:   1.0000000000032352       U,V,W   3.1201652793697576E-002 -0.88687986994793988      -0.46094528216188735     
  Comptn_2: TXYZ:  0.99999999999892275       U,V,W  0.12200296940214628       0.89662485203098918      -0.42565144211712536     
      20400                  1127                  1127             9.6081991E-02         1.0000000E+30             26673       
 NEXT SEEDS: 8B2C7B7      14       0       0       0       0       5    3039       0       0
  Comptn_2: TXYZ:   1.0000000000012546       U,V,W -0.35667035179667295       -9.6393046301400886E-002 -0.92924412334715800     
  Comptn_2: TXYZ:   1.0000000000043305       U,V,W -0.27864640022666265       0.95737597705866762       -7.6075108912276868E-002
  Comptn_2: TXYZ:  0.99999999999852596       U,V,W -0.37883596110981443       0.57941941244062711      -0.72163457445959978     
  Comptn_2: TXYZ:  0.99999999999886624       U,V,W  -8.6089294066063360E-002  0.96292403757388834      -0.25566761881097477     
  Comptn_2: TXYZ:  0.99999999999633404       U,V,W -0.21327292370270357       0.95090877232455640       0.22424800272876411     
  Comptn_2: TXYZ:  0.99999999999799716       U,V,W  0.27628602486648646      -0.89190541453790395       0.35800944677402313     
      20800                   727                   727             9.6653466E-02         1.0000000E+30             26952       
 NEXT SEEDS:2564342B      14       0       0       0       0       5    3039       0       0
  Comptn_2: TXYZ:   1.0000000000011013       U,V,W  0.73260371654185974        9.1042139142523126E-002 -0.67453919338353430     
  Comptn_2: TXYZ:  0.99999999999883704       U,V,W  0.46150256391501898      -0.28823475047077718      -0.83900900598250416     
  Comptn_2: TXYZ:   1.0000000000050748       U,V,W  0.32369869696661624       0.94265648757413345       -8.1350476468102784E-002
  Comptn_2: TXYZ:  0.99999999999399380       U,V,W  0.91849805664857875      -0.34525249471675323       0.19277456994799991     
      21200                   327                   327             9.6601764E-02         1.0000000E+30             27059       
 NEXT SEEDS:3B8D718A      14       0       0       0       0       5    3039       0       0
  Comptn_2: TXYZ:   1.0000000000014135       U,V,W -0.31405461563156223      -0.48742331402898742      -0.81473198743078967     
  Comptn_2: TXYZ:   1.0000000000017253       U,V,W  0.77762447807448298       0.51391846989228895       0.36219880922593006     
  Comptn_2: TXYZ:  0.99999999999424727       U,V,W -0.54750741849799311       0.83034150099551063      -0.10377195386246285     
      21477                    50                    50             9.6650035E-02         1.0000000E+30             27223       
 NEXT SEEDS: FFB6A26      15       0       0       0       0       5    3039       0       0
      21478                    49                    49             9.6645774E-02         1.0000000E+30             27223       
 NEXT SEEDS: FFBF100      15       0       0       0       0       5    3039       0       0
      21479                    48                    48             9.6641320E-02         1.0000000E+30             27223       
 NEXT SEEDS: FFC0ACA      15       0       0       0       0       5    3039       0       0
      21480                    47                    47             9.6647107E-02         1.0000000E+30             27223       
 NEXT SEEDS:101E67B6      15       0       0       0       0       5    3039       0       0
      21481                    46                    46             9.6643301E-02         1.0000000E+30             27223       
 NEXT SEEDS:1020562B      15       0       0       0       0       5    3039       0       0
      21482                    45                    45             9.6653883E-02         1.0000000E+30             27223       
 NEXT SEEDS:1051F090      15       0       0       0       0       5    3039       0       0
      21483                    44                    44             9.6649452E-02         1.0000000E+30             27223       
 NEXT SEEDS:1052125B      15       0       0       0       0       5    3039       0       0
      21484                    43                    43             9.6649976E-02         1.0000000E+30             27224       
 NEXT SEEDS:10639C0A      15       0       0       0       0       5    3039       0       0
      21485                    42                    42             9.6646239E-02         1.0000000E+30             27224       
 NEXT SEEDS:10658306      15       0       0       0       0       5    3039       0       0
      21486                    41                    41             9.6642525E-02         1.0000000E+30             27224       
 NEXT SEEDS:10675226      15       0       0       0       0       5    3039       0       0
      21487                    40                    40             9.6638096E-02         1.0000000E+30             27224       
 NEXT SEEDS:106777F0      15       0       0       0       0       5    3039       0       0
      21488                    39                    39             9.6633723E-02         1.0000000E+30             27224       
 NEXT SEEDS:1067BC2F      15       0       0       0       0       5    3039       0       0
      21489                    38                    38             9.6629283E-02         1.0000000E+30             27224       
 NEXT SEEDS:1067E04D      15       0       0       0       0       5    3039       0       0
      21490                    37                    37             9.6624991E-02         1.0000000E+30             27224       
 NEXT SEEDS:10684D12      15       0       0       0       0       5    3039       0       0
      21491                    36                    36             9.6638467E-02         1.0000000E+30             27224       
 NEXT SEEDS:10A7DD95      15       0       0       0       0       5    3039       0       0
      21492                    35                    35             9.6634061E-02         1.0000000E+30             27224       
 NEXT SEEDS:10A80ED5      15       0       0       0       0       5    3039       0       0
      21493                    34                    34             9.6660996E-02         1.0000000E+30             27224       
 NEXT SEEDS:1115A7CB      15       0       0       0       0       5    3039       0       0
      21494                    33                    33             9.6660599E-02         1.0000000E+30             27225       
 NEXT SEEDS:11240196      15       0       0       0       0       5    3039       0       0
      21495                    32                    32             9.6656148E-02         1.0000000E+30             27225       
 NEXT SEEDS:11241840      15       0       0       0       0       5    3039       0       0
      21496                    31                    31             9.6651844E-02         1.0000000E+30             27225       
 NEXT SEEDS:11248D42      15       0       0       0       0       5    3039       0       0
      21497                    30                    30             9.6658546E-02         1.0000000E+30             27225       
 NEXT SEEDS:11482908      15       0       0       0       0       5    3039       0       0
      21498                    29                    29             9.6654130E-02         1.0000000E+30             27225       
 NEXT SEEDS:11485333      15       0       0       0       0       5    3039       0       0
      21499                    28                    28             9.6655823E-02         1.0000000E+30             27225       
 NEXT SEEDS:115EBEB8      15       0       0       0       0       5    3039       0       0
      21500                    27                    27             9.6654155E-02         1.0000000E+30             27226       
 NEXT SEEDS:1168AC55      15       0       0       0       0       5    3039       0       0
      21501                    26                    26             9.6650579E-02         1.0000000E+30             27226       
 NEXT SEEDS:116AA48A      15       0       0       0       0       5    3039       0       0
      21502                    25                    25             9.6655690E-02         1.0000000E+30             27226       
 NEXT SEEDS:118B6AF1      15       0       0       0       0       5    3039       0       0
      21503                    24                    24             9.6658745E-02         1.0000000E+30             27226       
 NEXT SEEDS:11A4134C      15       0       0       0       0       5    3039       0       0
      21504                    23                    23             9.6654352E-02         1.0000000E+30             27226       
 NEXT SEEDS:11A44BBC      15       0       0       0       0       5    3039       0       0
      21505                    22                    22             9.6649926E-02         1.0000000E+30             27226       
 NEXT SEEDS:11A4754D      15       0       0       0       0       5    3039       0       0
      21506                    21                    21             9.6648883E-02         1.0000000E+30             27226       
 NEXT SEEDS:11AE21EE      15       0       0       0       0       5    3039       0       0
      21507                    20                    20             9.6644400E-02         1.0000000E+30             27226       
 NEXT SEEDS:11AE23DA      15       0       0       0       0       5    3039       0       0
      21508                    19                    19             9.6641666E-02         1.0000000E+30             27226       
 NEXT SEEDS:11B31488      15       0       0       0       0       5    3039       0       0
      21509                    18                    18             9.6646367E-02         1.0000000E+30             27226       
 NEXT SEEDS:11CF29F8      15       0       0       0       0       5    3039       0       0
      21510                    17                    17             9.6642442E-02         1.0000000E+30             27226       
 NEXT SEEDS:11D0C303      15       0       0       0       0       5    3039       0       0
      21511                    16                    16             9.6637960E-02         1.0000000E+30             27226       
 NEXT SEEDS:11D0C3EF      15       0       0       0       0       5    3039       0       0
      21512                    15                    15             9.6648823E-02         1.0000000E+30             27226       
 NEXT SEEDS:12084D25      15       0       0       0       0       5    3039       0       0
      21513                    14                    14             9.6644739E-02         1.0000000E+30             27226       
 NEXT SEEDS:12094541      15       0       0       0       0       5    3039       0       0
      21514                    13                    13             9.6652151E-02         1.0000000E+30             27226       
 NEXT SEEDS:122B638D      15       0       0       0       0       5    3039       0       0
      21515                    12                    12             9.6648090E-02         1.0000000E+30             27226       
 NEXT SEEDS:122C82E7      15       0       0       0       0       5    3039       0       0
      21516                    11                    11             9.6648568E-02         1.0000000E+30             27227       
 NEXT SEEDS:123CFB9F      15       0       0       0       0       5    3039       0       0
      21517                    10                    10             9.6644632E-02         1.0000000E+30             27227       
 NEXT SEEDS:123E7836      15       0       0       0       0       5    3039       0       0
      21518                     9                     9             9.6654913E-02         1.0000000E+30             27227       
 NEXT SEEDS:127231CA      15       0       0       0       0       5    3039       0       0
      21519                     8                     8             9.6650456E-02         1.0000000E+30             27227       
 NEXT SEEDS:12723C5B      15       0       0       0       0       5    3039       0       0
      21520                     7                     7             9.6660282E-02         1.0000000E+30             27227       
 NEXT SEEDS:129D4D27      15       0       0       0       0       5    3039       0       0
      21521                     6                     6             9.6655802E-02         1.0000000E+30             27227       
 NEXT SEEDS:129D51A0      15       0       0       0       0       5    3039       0       0
      21522                     5                     5             9.6651322E-02         1.0000000E+30             27227       
 NEXT SEEDS:129D52CC      15       0       0       0       0       5    3039       0       0
      21523                     4                     4             9.6653978E-02         1.0000000E+30             27227       
 NEXT SEEDS:12B2AD28      15       0       0       0       0       5    3039       0       0
      21524                     3                     3             9.6677027E-02         1.0000000E+30             27227       
 NEXT SEEDS:13097A5B      15       0       0       0       0       5    3039       0       0
      21525                     2                     2             9.6672683E-02         1.0000000E+30             27227       
 NEXT SEEDS:1309CD15      15       0       0       0       0       5    3039       0       0
      21526                     1                     1             9.6668204E-02         1.0000000E+30             27227       
 NEXT SEEDS:1309CE00      15       0       0       0       0       5    3039       0       0
      21527                     0                     1             9.6663725E-02         1.0000000E+30             27227       
 NEXT SEEDS:1309D0F9      15       0       0       0       0       5    3039       0       0
